<?xml version="1.0" encoding="UTF-8"?>
<!-- Generated by org.testng.reporters.JUnitXMLReporter -->
<testsuite ignored="0" hostname="nooslvdi002262" failures="0" tests="2" name="Surefire test" time="78.618" errors="0" timestamp="2022-08-25T23:23:49 IST">
  <testcase classname="interview.testCases.TestCases_Searching" name="Access_Product_Via_Search" time="7.223"/>
  <testcase classname="interview.testCases.TestCases_Searching" name="Access_Product_using_Filter" time="71.369"/>
</testsuite> <!-- Surefire test -->
