<?xml version="1.0" encoding="UTF-8"?>
<!-- Generated by org.testng.reporters.JUnitXMLReporter -->
<testsuite ignored="0" hostname="nooslvdi002262" failures="0" tests="2" name="Surefire test" time="79.877" errors="0" timestamp="2022-08-26T00:19:44 IST">
  <testcase classname="interview.testCases.TestCases_Searching" name="Access_Product_Via_Search" time="7.547"/>
  <testcase classname="interview.testCases.TestCases_Searching" name="Access_Product_using_Filter" time="72.306"/>
</testsuite> <!-- Surefire test -->
