<?xml version="1.0" encoding="UTF-8"?>
<testsuite xmlns:xsi="http://www.w3.org/2001/XMLSchema-instance" xsi:noNamespaceSchemaLocation="https://maven.apache.org/surefire/maven-surefire-plugin/xsd/surefire-test-report.xsd" name="interview.testCases.TestCases_Searching" time="91.087" tests="2" errors="0" skipped="0" failures="0">
  <properties>
[...]
</properties>
  <testcase name="Access_Product_Via_Search" classname="interview.testCases.TestCases_Searching" time="7.226"/>
  <testcase name="Access_Product_using_Filter" classname="interview.testCases.TestCases_Searching" time="71.369"/>
</testsuite>